Arguments: 
  /usr/local/bin/node /usr/local/bin/yarn publish

PATH: 
  /opt/homebrew/bin:/usr/local/bin:/usr/bin:/bin:/usr/sbin:/sbin

Yarn version: 
  1.22.19

Node version: 
  18.15.0

Platform: 
  darwin arm64

Trace: 
  Error: canceled
      at Interface.<anonymous> (/usr/local/lib/node_modules/yarn/lib/cli.js:137150:13)
      at Interface.emit (node:events:513:28)
      at [_ttyWrite] [as _ttyWrite] (node:internal/readline/interface:1131:18)
      at ReadStream.onkeypress (node:internal/readline/interface:270:20)
      at ReadStream.emit (node:events:513:28)
      at emitKeys (node:internal/readline/utils:357:14)
      at emitKeys.next (<anonymous>)
      at ReadStream.onData (node:internal/readline/emitKeypressEvents:64:36)
      at ReadStream.emit (node:events:513:28)
      at addChunk (node:internal/streams/readable:324:12)

npm manifest: 
  {
  	"name": "svelvet-own",
  	"version": "8.1.4",
  	"description": "A lightweight Svelte component library for building dynamic, node-based user interfaces",
  	"keywords": [
  		"svelte",
  		"svelvet",
  		"typescript"
  	],
  	"license": "MIT",
  	"scripts": {
  		"dev": "vite dev",
  		"build": "vite build && npm run package",
  		"preview": "vite preview",
  		"package": "svelte-kit sync && svelte-package && publint",
  		"prepublishOnly": "npm run package",
  		"test": "playwright test",
  		"test:unit": "vitest run --environment jsdom",
  		"check": "svelte-kit sync && svelte-check --tsconfig ./tsconfig.json",
  		"check:watch": "svelte-kit sync && svelte-check --tsconfig ./tsconfig.json --watch",
  		"lint": "prettier --plugin-search-dir . --check . && eslint .",
  		"format": "prettier --plugin-search-dir . --write ."
  	},
  	"exports": {
  		".": {
  			"types": "./dist/index.d.ts",
  			"svelte": "./dist/index.js"
  		},
  		"./package.json": "./package.json"
  	},
  	"files": [
  		"dist"
  	],
  	"devDependencies": {
  		"@playwright/test": "^1.28.1",
  		"@sveltejs/adapter-auto": "^2.1.0",
  		"@sveltejs/kit": "^1.20.4",
  		"@sveltejs/package": "^2.1.0",
  		"@testing-library/svelte": "^4.0.2",
  		"@typescript-eslint/eslint-plugin": "^5.60.0",
  		"@typescript-eslint/parser": "^5.60.0",
  		"eslint": "^8.43.0",
  		"eslint-config-prettier": "^8.8.0",
  		"eslint-plugin-svelte": "^2.32.0",
  		"jest-dom": "^4.0.0",
  		"jsdom": "^22.1.0",
  		"prettier": "^2.8.8",
  		"prettier-plugin-svelte": "^2.10.1",
  		"publint": "^0.1.12",
  		"svelte-check": "^3.4.3",
  		"tslib": "^2.5.3",
  		"typescript": "^5.1.6",
  		"vite": "^4.3.9",
  		"vitest": "^0.32.2"
  	},
  	"svelte": "./dist/index.js",
  	"types": "./dist/index.d.ts",
  	"type": "module",
  	"main": "svelte.config.js",
  	"directories": {
  		"test": "tests"
  	},
  	"peerDependencies": {
  		"svelte": ">=3.59.2 || ^4.0.0"
  	}
  }

yarn manifest: 
  No manifest

Lockfile: 
  No lockfile
